<?xml version="1.0" encoding="UTF-8"?>
<testng-results skipped="0" failed="0" ignored="0" total="1" passed="1">
  <reporter-output>
  </reporter-output>
  <suite name="Default suite" duration-ms="182983" started-at="2021-03-19T19:12:04 IST" finished-at="2021-03-19T19:15:07 IST">
    <groups>
    </groups>
    <test name="Default test" duration-ms="182983" started-at="2021-03-19T19:12:04 IST" finished-at="2021-03-19T19:15:07 IST">
      <class name="automationpractice.Practice_Project.BaseTest">
        <test-method status="PASS" signature="browsersetup()[pri:0, instance:automationpractice.Practice_Project.BaseTest@2a556333]" name="browsersetup" duration-ms="182899" started-at="2021-03-19T19:12:04 IST" finished-at="2021-03-19T19:15:07 IST">
          <reporter-output>
          </reporter-output>
        </test-method> <!-- browsersetup -->
      </class> <!-- automationpractice.Practice_Project.BaseTest -->
    </test> <!-- Default test -->
  </suite> <!-- Default suite -->
</testng-results>
